[www.terra.money/index.html]
[backblue.gif]
[fade.gif]
[index.html]
[assets.website-files.com/611153e7af981472d8da199c/css/terramoney.82620313d.min.css]
[ajax.googleapis.com/ajax/libs/webfont/1.6.26/webfont.js]
[assets.website-files.com/611153e7af981472d8da199c/618d703ee436c52a5a5951d4_favicon_32.png]
[assets.website-files.com/611153e7af981472d8da199c/61117b476d11877a9638750e_Terra Opengraph.png]
[cdn.jsdelivr.net/gh/nuxodin/ie11CustomProperties@4.1.0/ie11CustomProperties.min.js]
[cdn.jsdelivr.net/npm/@finsweet/attributes-cmsfilter@1/cmsfilter.js]
[www.terra.money/ecosystem.html]
[assets.website-files.com/611153e7af981472d8da199c/6256a308c5188f6feb1934b1_TerradappExpo.png]
[assets.website-files.com/611153e7af981472d8da199c/6170371c841c037c2697990f_kv-img@2x.png]
[assets.website-files.com/611153e7af981472d8da199c/619613b4ec00d58dd9677b5c_Terra header image mobile@2x.png]
[assets.website-files.com/611153e7af981472d8da199c/618134e2426f072045a0c259_icon-add-68-x-68-on-wallet@2x.png]
[assets.website-files.com/611153e7af981472d8da199c/618134cbd1ed67081401c632_icon-add-68-x-68-off-wallet@2x.png]
[assets.website-files.com/611153e7af981472d8da199c/618136efd1ed6700c201cce7_icon-add-68-x-68-on-cross@2x.png]
[assets.website-files.com/611153e7af981472d8da199c/618136d4d09862e8d48a75d6_icon-add-68-x-68-off-cross@2x.png]
[assets.website-files.com/611153e7af981472d8da199c/618136a9a1cade53bc04ce01_icon-add-68-x-68-on-sdk@2x.png]
[assets.website-files.com/611153e7af981472d8da199c/61813697479c4f7983247179_icon-add-68-x-68-off-sdk@2x.png]
[assets.website-files.com/611153e7af981472d8da199c/6179d0f5e2169d13f9238a3e_anchor@2x.png]
[assets.website-files.com/611153e7af981472d8da199c/6179d4547dd0eb1d9aed2b2c_mirror@2x.png]
[assets.website-files.com/611153e7af981472d8da199c/6179d98c7156176d73fe9fcf_bitmap@2x.png]
[assets.website-files.com/611153e7af981472d8da199c/6179cc2807cadcdff2ca4cef_luna-color@2x.png]
[assets.website-files.com/611153e7af981472d8da199c/6179c9d950a6a474552663aa_ring@2x.png]
[assets.website-files.com/611153e7af981472d8da199c/61814b883f26391b0438c93c_nf-tcoins@2x.png]
[assets.website-files.com/611153e7af981472d8da199c/61814c245c7ebcca7d5b0a03_terradocuthumb.jpg]
[assets.website-files.com/611153e7af981472d8da199c/61795d93956f208827b8f635_terra-map@2x.png]
[assets.website-files.com/611153e7af98140f97da19cf/611fe91726dbd242ebec0f38_asset 3.png]
[assets.website-files.com/611153e7af98140f97da19cf/6125003fe7605e8aefd6e45f_fortune-logo-1600x900-white.jpg]
[assets.website-files.com/611153e7af98140f97da19cf/611ffba56391bb58870a35b3_asset 4.png]
[assets.website-files.com/611153e7af98140f97da19cf/6120183591418f2d4bfd5e52_asset 5.png]
[assets.website-files.com/611153e7af98140f97da19cf/6124fedec8256bac33bb8da5_asset 6.png]
[assets.website-files.com/611153e7af98140f97da19cf/6124feb2761aea5a05f01fde_asset 7.png]
[assets.website-files.com/611153e7af98140f97da19cf/6124fe57b3172b197c3c5509_asset 8.png]
[assets.website-files.com/611153e7af98140f97da19cf/6124fe35b3172b7e973c54fc_asset 9.png]
[assets.website-files.com/611153e7af981472d8da199c/61815cf4ae14d165124383f7_footer-stair@2x.png]
[assets.website-files.com/611153e7af981472d8da199c/61815f7950f3ee6f72da222b_footer-plate@2x.png]
[assets.website-files.com/611153e7af981472d8da199c/6181600cb5b921d9b69da6b4_footer-uv@2x.png]
[www.terra.money/cdn-cgi/l/email-protection.html]
[www.terra.money/bugcrowd.html]
[www.terra.money/community.html]
[www.terra.money/cdn-cgi/scripts/5c5dd728/cloudflare-static/email-decode.min.js]
[d3e54v103j8qbb.cloudfront.net/js/jquery-3.5.1.min.dc5e7f18c80736.js]
[assets.website-files.com/611153e7af981472d8da199c/js/terramoney.cbbfb0437.js]
[www.terra.money/index.html]
[assets.website-files.com/611153e7af981472d8da199c/css/terramoney.82620313d.min.css]
[cdn.jsdelivr.net/npm/@splidejs/splide@2.4.21/dist/js/splide.min.js]
[assets.website-files.com/611153e7af981472d8da199c/css/terramoney.a4fd68b0a.min.css]
[www.terra.money/audit.html]
[assets.website-files.com/611153e7af98140f97da19cf/613042c86c45a079f2bb0dde_612bbc4f0ca5ae3a217f16d5_Anchor_dark.png]
[assets.website-files.com/611153e7af98140f97da19cf/61533305fe85d6338d89b2b5_612bb38854a6a63cd2d79ae1_astroport.jpg]
[assets.website-files.com/611153e7af98140f97da19cf/615332fded45b5dea1e7c3d6_6141f84d26b4667a040128a6_mars.jpg]
[assets.website-files.com/611153e7af98140f97da19cf/61533e89c236e86a8f6eefa6_prism.jpg]
[assets.website-files.com/611153e7af98140f97da19cf/61533e90234c4d18e6158856_mirrorlogo.jpg]
[assets.website-files.com/611153e7af98140f97da19cf/615332ff27b4a0810b5eee08_6141f7f7e53e123eb57ffba0_terraswap.png]
[assets.website-files.com/611153e7af98140f97da19cf/61533301572458226a40d83d_6141f739034164541cf513a9_chai.png]
[assets.website-files.com/611153e7af98140f97da19cf/6153330090193090f39b181b_6141f749ebd08147fc345baf_memepay.png]
[assets.website-files.com/611153e7af98140f97da19cf/615332d2373b67199c49b222_6141f4f54863e9838634a055_specprotocol.jpg]
[assets.website-files.com/611153e7af98140f97da19cf/615333067d72cfb558afe687_612baa3bdf969cfe7fcdf222_pylonprotocol.jpg]
[assets.website-files.com/611153e7af98140f97da19cf/615332cd330d25acfa88cb39_6141e6386d79e44338ccbc2f_whitewhale.jpg]
[assets.website-files.com/611153e7af98140f97da19cf/615332d1fe85d64685899463_6141e8021e4d8fc34c41dbc0_nexusprotocol.jpg]
[assets.website-files.com/611153e7af98140f97da19cf/615332faa26face071c6f013_6141f8efa1fc32639fff6cfb_apollodao.jpg]
[assets.website-files.com/611153e7af98140f97da19cf/615332d74748454b000f4f01_6141f582b01d8c1c37897db1_edgeprotocol.jpg]
[assets.website-files.com/611153e7af98140f97da19cf/61533e82ed45b57ef9edfa64_kujira.jpg]
[assets.website-files.com/611153e7af98140f97da19cf/6270a54e98df33a4ee0ddc71_sigma.png]
[assets.website-files.com/611153e7af98140f97da19cf/6267a7115d977b13528a8775_coinhall.png]
[assets.website-files.com/611153e7af98140f97da19cf/6153330636a6a2b1120e10b4_612bba8cd9c35365174ca1b1_angel.jpg]
[assets.website-files.com/611153e7af98140f97da19cf/61e1081ec771d8543ef38429_openocean.jpg]
[assets.website-files.com/611153e7af98140f97da19cf/61e10a3a2ffd337045a17d78_terranameservice.png]
[assets.website-files.com/611153e7af98140f97da19cf/615337b09b05db48bc62046f_astralmoney.png]
[assets.website-files.com/611153e7af98140f97da19cf/615332d33c112e4b24404c38_6141eb323997493fe399cc4d_valkyriemoney.jpg]
[assets.website-files.com/611153e7af98140f97da19cf/615332fc72861f633f395aa4_6141f8acccd2885794dd3a78_alice.jpg]
[assets.website-files.com/611153e7af98140f97da19cf/615332feeb6b266d3a22fba1_6141f803b01d8c0d34898b1c_orion.png]
[assets.website-files.com/611153e7af98140f97da19cf/61533e77541ef38edbc2ee65_stader.jpg]
[assets.website-files.com/611153e7af98140f97da19cf/615332d4da5bc23e2a1040d8_6141eb24e7546f60d712e08e_kineticmoney.jpg]
[assets.website-files.com/611153e7af98140f97da19cf/61533e4288874f6877c32957_andromeda.png]
[assets.website-files.com/611153e7af98140f97da19cf/615337e47490afcd40e75b7e_starterra.jpg]
[assets.website-files.com/611153e7af98140f97da19cf/615337e1ead2fcb8c659404a_kado.jpg]
[assets.website-files.com/611153e7af98140f97da19cf/615337dde970917c59e43846_apeboard.png]
[assets.website-files.com/611153e7af98140f97da19cf/615337e891b975e3269edc9e_kash.jpg]
[assets.website-files.com/611153e7af98140f97da19cf/615337e14748457c31126e93_tiik.jpg]
[assets.website-files.com/611153e7af98140f97da19cf/61533e4791b9755c95a4c20e_levana.jpg]
[assets.website-files.com/611153e7af98140f97da19cf/61533e7e21d30395c9c1d09b_loop.jpg]
[assets.website-files.com/611153e7af98140f97da19cf/6267970c3043422ec9c23148_suberra.png]
[assets.website-files.com/611153e7af98140f97da19cf/615337e7bad3fcc825144fa0_loterra.jpg]
[assets.website-files.com/611153e7af98140f97da19cf/615337af3dd8d12d6425ac3d_inkprotocol.jpg]
[assets.website-files.com/611153e7af98140f97da19cf/615337e211658de0ebd5915c_talis.jpg]
[assets.website-files.com/611153e7af98140f97da19cf/615337d90ccb8c3f75c29811_glow.jpg]
[assets.website-files.com/611153e7af98140f97da19cf/615332ce21d30396b7bca1fb_6141e6456d79e4159accbcb4_terradrops.jpg]
[assets.website-files.com/611153e7af98140f97da19cf/615337e717878c1a593ec98f_localterra.jpg]
[assets.website-files.com/611153e7af98140f97da19cf/615337e9c4612f96a6ccdd1f_betterra.png]
[assets.website-files.com/611153e7af98140f97da19cf/61b82a89ee24a663f10d0576_nexo.png]
[assets.website-files.com/611153e7af98140f97da19cf/62219995a0fb023e99d9fd49_tfm.png]
[assets.website-files.com/611153e7af98140f97da19cf/61533e7e3773d948815f1065_mirrorwalletlogo.png]
[assets.website-files.com/611153e7af98140f97da19cf/61533300e42c317dfd2f81e6_6141f78be53e1249807ffb30_yottasavings.jpg]
[assets.website-files.com/611153e7af98140f97da19cf/61a6065cc52e542135af751c_capapult.jpg]
[assets.website-files.com/611153e7af98140f97da19cf/615332c8f8a643dc637a4bfb_6141e41d9025562e553d517f_burst.png]
[assets.website-files.com/611153e7af98140f97da19cf/615332cc69d69f57e223903b_6141e5883997494aa099b806_alteredprotocol.jpg]
[assets.website-files.com/611153e7af98140f97da19cf/615337e5f9044954325df385_paywithterra.jpg]
[assets.website-files.com/611153e7af98140f97da19cf/6232bed8fb6808e577a0faba_nep.png]
[assets.website-files.com/611153e7af98140f97da19cf/61533e784cf8914a3878e07e_sandclock.jpg]
[assets.website-files.com/611153e7af98140f97da19cf/615337e052e00e1bc9a9b53d_vega.jpg]
[assets.website-files.com/611153e7af98140f97da19cf/615332cfe827f863eccf3b37_6141e67fe0d1ac62bc0c8587_terracards.png]
[assets.website-files.com/611153e7af98140f97da19cf/615337b0ac59decfbdbc3b31_mirrormarket.jpg]
[assets.website-files.com/611153e7af98140f97da19cf/615337b1c3e8c877334d2e23_rerun.jpg]
[assets.website-files.com/611153e7af98140f97da19cf/615332d6e03cef0b40f63387_6141f53918258b45730e2ec8_heronft.png]
[assets.website-files.com/611153e7af98140f97da19cf/615332cb387d5a029a1e56c7_6141e54126b46610f5006d69_terraworld.jpg]
[assets.website-files.com/611153e7af98140f97da19cf/615332ca72861f71e239202b_6141e42d70a8661e4da09c09_terraroll.png]
[assets.website-files.com/611153e7af98140f97da19cf/619b389cde56d19b5403d38a_logoSG500.png]
[assets.website-files.com/611153e7af98140f97da19cf/619e54f04f6c69da36bd3c3a_terrafirma-logo-social-icon-colour.jpg]
[assets.website-files.com/611153e7af98140f97da19cf/61c1419ddcac3eb88fca8c46_logo-alt-profile-circle.png]
[assets.website-files.com/611153e7af98140f97da19cf/615337e4e03cef0b38f8f043_spar.jpg]
[assets.website-files.com/611153e7af98140f97da19cf/61533e44330d2568628f7875_tsunami.jpg]
[assets.website-files.com/611153e7af98140f97da19cf/615332d872861f5c2e3931d0_6141f5a6034164463df5049b_mavolo.jpg]
[assets.website-files.com/611153e7af98140f97da19cf/6232ba53f643691f0f7a7b72_769f5032.png]
[assets.website-files.com/611153e7af98140f97da19cf/6232bb12a1719d43314638ad_wicca.png]
[assets.website-files.com/611153e7af98140f97da19cf/6232bd294e1ffd2c0abe1e06_floki.png]
[assets.website-files.com/611153e7af98140f97da19cf/6232bd6005cd6bd25bb5c7c4_hermes.png]
[assets.website-files.com/611153e7af98140f97da19cf/6232be3853a656249e5b16a3_momentum.png]
[assets.website-files.com/611153e7af98140f97da19cf/6232c14faef734d5b1f99bfe_falcon.png]
[assets.website-files.com/611153e7af98140f97da19cf/6232bf9ce187515be9f5d0ca_playible.png]
[assets.website-files.com/611153e7af98140f97da19cf/6232c94a08b7122178e731fc_oneplanet.png]
[assets.website-files.com/611153e7af98140f97da19cf/6232c097fb68085b1ea1025f_retrograde.png]
[assets.website-files.com/611153e7af98140f97da19cf/6232c1b28f08ed10f0d4a958_passport.png]
[assets.website-files.com/611153e7af98140f97da19cf/6232c237fb68087588a10933_derbystars.png]
[assets.website-files.com/611153e7af98140f97da19cf/6232c906c422ec26a27e9ce0_coinbag.png]
[assets.website-files.com/611153e7af98140f97da19cf/6232c48c0e8d6ac2fe6c3356_fury.png]
[assets.website-files.com/611153e7af98140f97da19cf/6232c683b001267880d7920c_atlo.png]
[assets.website-files.com/611153e7af98140f97da19cf/6232c6ed34919c30df338edb_ydao.png]
[assets.website-files.com/611153e7af98140f97da19cf/6232c858fe9be0395d2fcfa3_bidali.png]
[assets.website-files.com/611153e7af98140f97da19cf/6232ce638197a46f1ea5a42d_bitlocus.png]
[assets.website-files.com/611153e7af98140f97da19cf/6232d01827c41cdde5bd5810_lunastarter.png]
[assets.website-files.com/611153e7af98140f97da19cf/6232d087a1719d242a46b758_lunar.png]
[assets.website-files.com/611153e7af98140f97da19cf/6232d1173ee2eacab10f6d53_hurricane.png]
[assets.website-files.com/611153e7af98140f97da19cf/6232d311a1719d0dc146cf40_Jinkou.png]
[assets.website-files.com/611153e7af98140f97da19cf/6232d2548197a4733fa5ce58_777.png]
[assets.website-files.com/611153e7af98140f97da19cf/62413c4718c55f6c8021fc39_lighthouse.png]
[assets.website-files.com/611153e7af98140f97da19cf/62413caad7ba764c7f64e385_leap.png]
[assets.website-files.com/611153e7af98140f97da19cf/62413cd5a909845a70132008_lunabulls.png]
[assets.website-files.com/611153e7af98140f97da19cf/62413d01006f77b92030f8f9_terrian.jpg]
[assets.website-files.com/611153e7af98140f97da19cf/62413d605a866ceb4d23b4cd_pixy.png]
[assets.website-files.com/611153e7af98140f97da19cf/62414ce16eed1406414b3911_aperture.png]
[assets.website-files.com/611153e7af98140f97da19cf/62414d103f920c504edb9311_Brokkr.png]
[assets.website-files.com/611153e7af98140f97da19cf/624585bd3a696ebbe4095127_void.png]
[assets.website-files.com/611153e7af98140f97da19cf/62679a6972c1221e33bcd1da_lunaverse.png]
[assets.website-files.com/611153e7af98140f97da19cf/62679b5432d7d776e61a9fc4_wefund.png]
[assets.website-files.com/611153e7af981472d8da199c/js/terramoney.18bdbdd68.js]
[cdn.finsweet.com/files/cmslibrary-v1.8.js]
[www.terra.money/ecosystem.html]
[www.terra.money/cdn-cgi/l/email-protection.html]
[cdn.jsdelivr.net/npm/@finsweet/cms-library@1/cms-library.js]
[assets.website-files.com/611153e7af981472d8da199c/css/terramoney.6f1a41214.min.css]
[www.terra.money/intro-to-terra.html]
[www.terra.money/bugcrowd.html]
[www.terra.money/community.html]
[assets.website-files.com/611153e7af981472d8da199c/css/terramoney.a4fd68b0a.min.css]
[www.terra.money/podcasts.html]
[www.terra.money/capital.html]
[app-cdn.clickup.com/assets/js/forms-embed/v1.js]
[assets.website-files.com/611153e7af981472d8da199c/625bc21c23c30308fa72b490_Oak Security - Large Logo.png]
[assets.website-files.com/611153e7af981472d8da199c/625bbfa777e2feff8b66f5b8_Halborn-Logo-Square.png]
[assets.website-files.com/611153e7af981472d8da199c/625bcd9f412b94c555bf8c35_SCV-Logo-BIG.png]
[assets.website-files.com/611153e7af981472d8da199c/625c53f931ba5985a9aa3b3b_Kudelski.jpg]
[www.terra.money/audit.html]
[assets.website-files.com/611153e7af981472d8da199c/css/terramoney.6f1a41214.min.css]
[assets.website-files.com/611153e7af981472d8da199c/6116909d459d878a0517e15e_Whatareterrastablecoins thumb.jpg]
[www.terra.money/intro-to-terra.html]
[img.youtube.com/vi/SwnD0SxEv10/hqdefault.jpg]
[img.youtube.com/vi/3e5nvQKV7d4/hqdefault.jpg]
[img.youtube.com/vi/0xl8u7-KVwM/hqdefault.jpg]
[img.youtube.com/vi/YpexnbFxzdM/hqdefault.jpg]
[img.youtube.com/vi/9D7eV10ypTU/hqdefault.jpg]
[img.youtube.com/vi/yJ3kzF6t6n4/hqdefault.jpg]
[img.youtube.com/vi/y0EyjV3Zb1c/hqdefault.jpg]
[img.youtube.com/vi/mYc2ouIMCVQ/hqdefault.jpg]
[img.youtube.com/vi/XiXDvtwMwvs/hqdefault.jpg]
[www.terra.money/podcasts.html]
[www.terra.money/capital.html]
[www.terra.money/cf_use_ob=0;path=/index.html]
[www.terra.money/cf_use_ob=0;path=.html]
